<?xml version="1.0" encoding="UTF-8"?>
<coverage generated="1624657233738" clover="3.2.0">
  <project timestamp="1624657233738" name="All files">
    <metrics statements="18" coveredstatements="12" conditionals="4" coveredconditionals="1" methods="8" coveredmethods="6" elements="30" coveredelements="19" complexity="0" loc="18" ncloc="18" packages="1" files="2" classes="2"/>
    <file name="age.js" path="C:\Users\Admin\Desktop\super-galactic-age-calculator\src\age.js">
      <metrics statements="10" coveredstatements="9" conditionals="0" coveredconditionals="0" methods="5" coveredmethods="4"/>
      <line num="2" count="0" type="stmt"/>
      <line num="5" count="1" type="stmt"/>
      <line num="13" count="1" type="stmt"/>
      <line num="14" count="1" type="stmt"/>
      <line num="18" count="1" type="stmt"/>
      <line num="19" count="1" type="stmt"/>
      <line num="23" count="1" type="stmt"/>
      <line num="24" count="1" type="stmt"/>
      <line num="28" count="1" type="stmt"/>
      <line num="29" count="1" type="stmt"/>
    </file>
    <file name="life.js" path="C:\Users\Admin\Desktop\super-galactic-age-calculator\src\life.js">
      <metrics statements="8" coveredstatements="3" conditionals="4" coveredconditionals="1" methods="3" coveredmethods="2"/>
      <line num="2" count="0" type="stmt"/>
      <line num="3" count="0" type="stmt"/>
      <line num="7" count="1" type="stmt"/>
      <line num="12" count="1" type="cond" truecount="1" falsecount="1"/>
      <line num="13" count="1" type="stmt"/>
      <line num="14" count="0" type="cond" truecount="0" falsecount="2"/>
      <line num="15" count="0" type="stmt"/>
      <line num="17" count="0" type="stmt"/>
    </file>
  </project>
</coverage>
