TN:
SF:/Users/sho/Desktop/Epicodus/weekday-calculator/src/date.js
FN:1,leapYear
FN:8,yearCodeGenerator
FN:14,monthCodeLeapYear
FN:38,monthCodeGenerator
FN:43,tabulate
FN:59,dayCodeConverter
FNF:6
FNH:6
FNDA:3,leapYear
FNDA:1,yearCodeGenerator
FNDA:1,monthCodeLeapYear
FNDA:1,monthCodeGenerator
FNDA:1,tabulate
FNDA:1,dayCodeConverter
DA:2,3
DA:3,3
DA:4,3
DA:9,1
DA:10,1
DA:11,1
DA:16,1
DA:17,0
DA:18,1
DA:19,1
DA:23,1
DA:39,1
DA:40,1
DA:44,1
DA:45,1
DA:46,1
DA:49,1
DA:60,1
DA:61,1
DA:62,1
LF:20
LH:19
BRDA:3,0,0,3
BRDA:3,0,1,0
BRDA:16,1,0,0
BRDA:16,1,1,1
BRDA:16,2,0,1
BRDA:16,2,1,1
BRDA:18,3,0,1
BRDA:18,3,1,0
BRDA:18,4,0,1
BRDA:18,4,1,1
BRF:10
BRH:7
end_of_record
