TN:
SF:/Users/sho/Desktop/Epicodus/weekday-calculator/src/date.js
FN:1,leapYear
FN:7,yearCodeGenerator
FN:13,monthCodeLeapYear
FN:37,monthCodeGenerator
FN:42,tabulate
FNF:5
FNH:5
FNDA:3,leapYear
FNDA:1,yearCodeGenerator
FNDA:1,monthCodeLeapYear
FNDA:1,monthCodeGenerator
FNDA:1,tabulate
DA:2,3
DA:3,3
DA:8,1
DA:9,1
DA:10,1
DA:15,1
DA:16,0
DA:17,1
DA:18,1
DA:22,1
DA:38,1
DA:39,1
DA:43,1
DA:44,1
LF:14
LH:13
BRDA:2,0,0,3
BRDA:2,0,1,0
BRDA:15,1,0,0
BRDA:15,1,1,1
BRDA:15,2,0,1
BRDA:15,2,1,1
BRDA:17,3,0,1
BRDA:17,3,1,0
BRDA:17,4,0,1
BRDA:17,4,1,1
BRF:10
BRH:7
end_of_record
